  [1m[36m (0.9ms)[0m  [1mCREATE TABLE "authors" ("id" INTEGER PRIMARY KEY AUTOINCREMENT NOT NULL, "name" varchar, "genre" varchar, "bio" text, "created_at" datetime NOT NULL, "updated_at" datetime NOT NULL) [0m
  [1m[35m (0.6ms)[0m  CREATE TABLE "posts" ("id" INTEGER PRIMARY KEY AUTOINCREMENT NOT NULL, "title" varchar, "description" text, "created_at" datetime NOT NULL, "updated_at" datetime NOT NULL, "post_status" boolean, "author_id" integer) 
  [1m[36m (0.8ms)[0m  [1mCREATE TABLE "schema_migrations" ("version" varchar NOT NULL) [0m
  [1m[35m (0.4ms)[0m  select sqlite_version(*)
  [1m[36m (0.6ms)[0m  [1mCREATE UNIQUE INDEX "unique_schema_migrations" ON "schema_migrations" ("version")[0m
  [1m[35m (0.1ms)[0m  SELECT version FROM "schema_migrations"
  [1m[36m (0.5ms)[0m  [1mINSERT INTO "schema_migrations" (version) VALUES ('20160113011820')[0m
  [1m[35m (0.9ms)[0m  INSERT INTO "schema_migrations" (version) VALUES ('20151230232412')
  [1m[36m (0.6ms)[0m  [1mINSERT INTO "schema_migrations" (version) VALUES ('20160113011041')[0m
  [1m[35m (0.6ms)[0m  INSERT INTO "schema_migrations" (version) VALUES ('20160113011150')
  [1m[36m (0.7ms)[0m  [1mCREATE TABLE "authors" ("id" INTEGER PRIMARY KEY AUTOINCREMENT NOT NULL, "name" varchar, "genre" varchar, "bio" text, "created_at" datetime NOT NULL, "updated_at" datetime NOT NULL) [0m
  [1m[35m (0.6ms)[0m  CREATE TABLE "posts" ("id" INTEGER PRIMARY KEY AUTOINCREMENT NOT NULL, "title" varchar, "description" text, "created_at" datetime NOT NULL, "updated_at" datetime NOT NULL, "post_status" boolean, "author_id" integer) 
  [1m[36m (0.6ms)[0m  [1mCREATE TABLE "schema_migrations" ("version" varchar NOT NULL) [0m
  [1m[35m (0.0ms)[0m  select sqlite_version(*)
  [1m[36m (0.6ms)[0m  [1mCREATE UNIQUE INDEX "unique_schema_migrations" ON "schema_migrations" ("version")[0m
  [1m[35m (0.1ms)[0m  SELECT version FROM "schema_migrations"
  [1m[36m (0.6ms)[0m  [1mINSERT INTO "schema_migrations" (version) VALUES ('20160113011820')[0m
  [1m[35m (0.7ms)[0m  INSERT INTO "schema_migrations" (version) VALUES ('20151230232412')
  [1m[36m (0.6ms)[0m  [1mINSERT INTO "schema_migrations" (version) VALUES ('20160113011041')[0m
  [1m[35m (0.6ms)[0m  INSERT INTO "schema_migrations" (version) VALUES ('20160113011150')
  [1m[36mActiveRecord::SchemaMigration Load (0.1ms)[0m  [1mSELECT "schema_migrations".* FROM "schema_migrations"[0m
  [1m[36m (0.1ms)[0m  [1mbegin transaction[0m
  [1m[35m (0.1ms)[0m  rollback transaction
  [1m[36m (0.1ms)[0m  [1mbegin transaction[0m
  [1m[35mSQL (0.4ms)[0m  INSERT INTO "posts" ("title", "description", "created_at", "updated_at") VALUES (?, ?, ?, ?)  [["title", "Testing"], ["description", "testing"], ["created_at", "2016-01-26 15:06:03.106369"], ["updated_at", "2016-01-26 15:06:03.106369"]]
  [1m[36m (0.7ms)[0m  [1mcommit transaction[0m
  [1m[36mPost Load (3.1ms)[0m  [1mSELECT "posts".* FROM "posts"[0m


Started GET "/" for ::1 at 2017-07-14 15:02:40 -0400
  [1m[36mActiveRecord::SchemaMigration Load (0.5ms)[0m  [1mSELECT "schema_migrations".* FROM "schema_migrations"[0m
Processing by Rails::WelcomeController#index as HTML
  Rendered /Users/dville03/.rbenv/versions/2.3.4/lib/ruby/gems/2.3.0/gems/railties-4.2.5/lib/rails/templates/rails/welcome/index.html.erb (27.1ms)
Completed 200 OK in 82ms (Views: 58.1ms | ActiveRecord: 0.0ms)


Started GET "/posts" for ::1 at 2017-07-14 15:02:45 -0400
Processing by PostsController#index as HTML
  [1m[35mPost Load (0.7ms)[0m  SELECT "posts".* FROM "posts"
  Rendered posts/index.html.erb within layouts/application (8.2ms)
Completed 200 OK in 3389ms (Views: 3371.6ms | ActiveRecord: 1.1ms)


Started GET "/assets/authors.self-e3b0c44298fc1c149afbf4c8996fb92427ae41e4649b934ca495991b7852b855.css?body=1" for ::1 at 2017-07-14 15:02:48 -0400


Started GET "/assets/jquery_ujs.self-d456baa54c1fa6be2ec3711f0a72ddf7a5b2f34a6b4f515f33767d6207b7d4b3.js?body=1" for ::1 at 2017-07-14 15:02:48 -0400


Started GET "/assets/jquery.self-a714331225dda820228db323939889f149aec0127aeb06255646b616ba1ca419.js?body=1" for ::1 at 2017-07-14 15:02:48 -0400


Started GET "/assets/authors.self-877aef30ae1b040ab8a3aba4e3e309a11d7f2612f44dde450b5c157aa5f95c05.js?body=1" for ::1 at 2017-07-14 15:02:48 -0400


Started GET "/posts/1" for ::1 at 2017-07-14 15:03:58 -0400
Processing by PostsController#show as HTML
  Parameters: {"id"=>"1"}
  [1m[36mPost Load (0.4ms)[0m  [1mSELECT  "posts".* FROM "posts" WHERE "posts"."id" = ? LIMIT 1[0m  [["id", 1]]
  Rendered posts/show.html.erb within layouts/application (0.8ms)
Completed 200 OK in 64ms (Views: 19.1ms | ActiveRecord: 0.4ms)


Started GET "/posts/1/edit" for ::1 at 2017-07-14 15:04:04 -0400
Processing by PostsController#edit as HTML
  Parameters: {"id"=>"1"}
  [1m[35mPost Load (0.1ms)[0m  SELECT  "posts".* FROM "posts" WHERE "posts"."id" = ? LIMIT 1  [["id", 1]]
  Rendered posts/edit.html.erb within layouts/application (113.6ms)
Completed 200 OK in 133ms (Views: 131.3ms | ActiveRecord: 0.1ms)


Started PATCH "/posts/1" for ::1 at 2017-07-14 15:04:27 -0400
Processing by PostsController#update as HTML
  Parameters: {"utf8"=>"✓", "authenticity_token"=>"bSCKMgfhuvDGbhMm16pcir4kSOn71Q6Qi3+Oi631die9doaZpz0JDLpST1leQY6Y66mUdtbNOBkytbYk0hFXjQ==", "post"=>{"title"=>"Testing 2", "description"=>"testing again"}, "commit"=>"Update Post", "id"=>"1"}
  [1m[36mPost Load (0.2ms)[0m  [1mSELECT  "posts".* FROM "posts" WHERE "posts"."id" = ? LIMIT 1[0m  [["id", 1]]
  [1m[35m (0.1ms)[0m  begin transaction
  [1m[36mSQL (1.1ms)[0m  [1mUPDATE "posts" SET "title" = ?, "description" = ?, "updated_at" = ? WHERE "posts"."id" = ?[0m  [["title", "Testing 2"], ["description", "testing again"], ["updated_at", "2017-07-14 19:04:27.842969"], ["id", 1]]
  [1m[35m (8.1ms)[0m  commit transaction
Redirected to http://localhost:3000/posts/1
Completed 302 Found in 16ms (ActiveRecord: 9.6ms)


Started GET "/posts/1" for ::1 at 2017-07-14 15:04:27 -0400
Processing by PostsController#show as HTML
  Parameters: {"id"=>"1"}
  [1m[36mPost Load (0.2ms)[0m  [1mSELECT  "posts".* FROM "posts" WHERE "posts"."id" = ? LIMIT 1[0m  [["id", 1]]
  Rendered posts/show.html.erb within layouts/application (0.3ms)
Completed 200 OK in 33ms (Views: 31.9ms | ActiveRecord: 0.2ms)


Started GET "/authors/1" for ::1 at 2017-07-14 15:19:28 -0400

ActionController::RoutingError (No route matches [GET] "/authors/1"):
  actionpack (4.2.5) lib/action_dispatch/middleware/debug_exceptions.rb:21:in `call'
  web-console (2.2.1) lib/web_console/middleware.rb:39:in `call'
  actionpack (4.2.5) lib/action_dispatch/middleware/show_exceptions.rb:30:in `call'
  railties (4.2.5) lib/rails/rack/logger.rb:38:in `call_app'
  railties (4.2.5) lib/rails/rack/logger.rb:20:in `block in call'
  activesupport (4.2.5) lib/active_support/tagged_logging.rb:68:in `block in tagged'
  activesupport (4.2.5) lib/active_support/tagged_logging.rb:26:in `tagged'
  activesupport (4.2.5) lib/active_support/tagged_logging.rb:68:in `tagged'
  railties (4.2.5) lib/rails/rack/logger.rb:20:in `call'
  actionpack (4.2.5) lib/action_dispatch/middleware/request_id.rb:21:in `call'
  rack (1.6.4) lib/rack/methodoverride.rb:22:in `call'
  rack (1.6.4) lib/rack/runtime.rb:18:in `call'
  activesupport (4.2.5) lib/active_support/cache/strategy/local_cache_middleware.rb:28:in `call'
  rack (1.6.4) lib/rack/lock.rb:17:in `call'
  actionpack (4.2.5) lib/action_dispatch/middleware/static.rb:116:in `call'
  rack (1.6.4) lib/rack/sendfile.rb:113:in `call'
  railties (4.2.5) lib/rails/engine.rb:518:in `call'
  railties (4.2.5) lib/rails/application.rb:165:in `call'
  rack (1.6.4) lib/rack/lock.rb:17:in `call'
  rack (1.6.4) lib/rack/content_length.rb:15:in `call'
  rack (1.6.4) lib/rack/handler/webrick.rb:88:in `service'
  /Users/dville03/.rbenv/versions/2.3.4/lib/ruby/2.3.0/webrick/httpserver.rb:140:in `service'
  /Users/dville03/.rbenv/versions/2.3.4/lib/ruby/2.3.0/webrick/httpserver.rb:96:in `run'
  /Users/dville03/.rbenv/versions/2.3.4/lib/ruby/2.3.0/webrick/server.rb:296:in `block in start_thread'


  Rendered /Users/dville03/.rbenv/versions/2.3.4/lib/ruby/gems/2.3.0/gems/actionpack-4.2.5/lib/action_dispatch/middleware/templates/rescues/_trace.html.erb (4.8ms)
  Rendered /Users/dville03/.rbenv/versions/2.3.4/lib/ruby/gems/2.3.0/gems/actionpack-4.2.5/lib/action_dispatch/middleware/templates/routes/_route.html.erb (4.0ms)
  Rendered /Users/dville03/.rbenv/versions/2.3.4/lib/ruby/gems/2.3.0/gems/actionpack-4.2.5/lib/action_dispatch/middleware/templates/routes/_table.html.erb (39.9ms)
  Rendered /Users/dville03/.rbenv/versions/2.3.4/lib/ruby/gems/2.3.0/gems/actionpack-4.2.5/lib/action_dispatch/middleware/templates/rescues/_request_and_response.html.erb (6.8ms)
  Rendered /Users/dville03/.rbenv/versions/2.3.4/lib/ruby/gems/2.3.0/gems/actionpack-4.2.5/lib/action_dispatch/middleware/templates/rescues/routing_error.html.erb within rescues/layout (544.8ms)
  Rendered /Users/dville03/.rbenv/versions/2.3.4/lib/ruby/gems/2.3.0/gems/web-console-2.2.1/lib/web_console/templates/_markup.html.erb (0.9ms)
  Rendered /Users/dville03/.rbenv/versions/2.3.4/lib/ruby/gems/2.3.0/gems/web-console-2.2.1/lib/web_console/templates/_inner_console_markup.html.erb within layouts/inlined_string (1.0ms)
  Rendered /Users/dville03/.rbenv/versions/2.3.4/lib/ruby/gems/2.3.0/gems/web-console-2.2.1/lib/web_console/templates/_prompt_box_markup.html.erb within layouts/inlined_string (0.9ms)
  Rendered /Users/dville03/.rbenv/versions/2.3.4/lib/ruby/gems/2.3.0/gems/web-console-2.2.1/lib/web_console/templates/style.css.erb within layouts/inlined_string (0.6ms)
  Rendered /Users/dville03/.rbenv/versions/2.3.4/lib/ruby/gems/2.3.0/gems/web-console-2.2.1/lib/web_console/templates/console.js.erb within layouts/javascript (118.6ms)
  Rendered /Users/dville03/.rbenv/versions/2.3.4/lib/ruby/gems/2.3.0/gems/web-console-2.2.1/lib/web_console/templates/main.js.erb within layouts/javascript (0.8ms)
  Rendered /Users/dville03/.rbenv/versions/2.3.4/lib/ruby/gems/2.3.0/gems/web-console-2.2.1/lib/web_console/templates/error_page.js.erb within layouts/javascript (1.2ms)
  Rendered /Users/dville03/.rbenv/versions/2.3.4/lib/ruby/gems/2.3.0/gems/web-console-2.2.1/lib/web_console/templates/index.html.erb (290.6ms)
  [1m[36mAuthor Load (2.7ms)[0m  [1mSELECT "authors".* FROM "authors"[0m
  [1m[35m (0.3ms)[0m  begin transaction
  [1m[36mSQL (0.6ms)[0m  [1mINSERT INTO "authors" ("name", "genre", "bio", "created_at", "updated_at") VALUES (?, ?, ?, ?, ?)[0m  [["name", "Name"], ["genre", "Fiction"], ["bio", "cool"], ["created_at", "2017-07-14 19:21:48.957121"], ["updated_at", "2017-07-14 19:21:48.957121"]]
  [1m[35m (1.4ms)[0m  commit transaction
  [1m[36mPost Load (0.3ms)[0m  [1mSELECT  "posts".* FROM "posts" WHERE "posts"."id" = ? LIMIT 1[0m  [["id", 1]]
  [1m[35mAuthor Load (0.3ms)[0m  SELECT  "authors".* FROM "authors" WHERE "authors"."id" = ? LIMIT 1  [["id", 1]]
  [1m[36m (0.1ms)[0m  [1mbegin transaction[0m
  [1m[35mSQL (0.4ms)[0m  UPDATE "posts" SET "author_id" = ?, "updated_at" = ? WHERE "posts"."id" = ?  [["author_id", 1], ["updated_at", "2017-07-14 19:22:28.356138"], ["id", 1]]
  [1m[36m (1.5ms)[0m  [1mcommit transaction[0m
  [1m[35mPost Load (0.3ms)[0m  SELECT "posts".* FROM "posts" WHERE "posts"."author_id" = ?  [["author_id", 1]]


Started GET "/authors/1" for ::1 at 2017-07-14 15:23:02 -0400
  [1m[36mActiveRecord::SchemaMigration Load (0.1ms)[0m  [1mSELECT "schema_migrations".* FROM "schema_migrations"[0m

ActionController::RoutingError (No route matches [GET] "/authors/1"):
  actionpack (4.2.5) lib/action_dispatch/middleware/debug_exceptions.rb:21:in `call'
  web-console (2.2.1) lib/web_console/middleware.rb:39:in `call'
  actionpack (4.2.5) lib/action_dispatch/middleware/show_exceptions.rb:30:in `call'
  railties (4.2.5) lib/rails/rack/logger.rb:38:in `call_app'
  railties (4.2.5) lib/rails/rack/logger.rb:20:in `block in call'
  activesupport (4.2.5) lib/active_support/tagged_logging.rb:68:in `block in tagged'
  activesupport (4.2.5) lib/active_support/tagged_logging.rb:26:in `tagged'
  activesupport (4.2.5) lib/active_support/tagged_logging.rb:68:in `tagged'
  railties (4.2.5) lib/rails/rack/logger.rb:20:in `call'
  actionpack (4.2.5) lib/action_dispatch/middleware/request_id.rb:21:in `call'
  rack (1.6.4) lib/rack/methodoverride.rb:22:in `call'
  rack (1.6.4) lib/rack/runtime.rb:18:in `call'
  activesupport (4.2.5) lib/active_support/cache/strategy/local_cache_middleware.rb:28:in `call'
  rack (1.6.4) lib/rack/lock.rb:17:in `call'
  actionpack (4.2.5) lib/action_dispatch/middleware/static.rb:116:in `call'
  rack (1.6.4) lib/rack/sendfile.rb:113:in `call'
  railties (4.2.5) lib/rails/engine.rb:518:in `call'
  railties (4.2.5) lib/rails/application.rb:165:in `call'
  rack (1.6.4) lib/rack/lock.rb:17:in `call'
  rack (1.6.4) lib/rack/content_length.rb:15:in `call'
  rack (1.6.4) lib/rack/handler/webrick.rb:88:in `service'
  /Users/dville03/.rbenv/versions/2.3.4/lib/ruby/2.3.0/webrick/httpserver.rb:140:in `service'
  /Users/dville03/.rbenv/versions/2.3.4/lib/ruby/2.3.0/webrick/httpserver.rb:96:in `run'
  /Users/dville03/.rbenv/versions/2.3.4/lib/ruby/2.3.0/webrick/server.rb:296:in `block in start_thread'


  Rendered /Users/dville03/.rbenv/versions/2.3.4/lib/ruby/gems/2.3.0/gems/actionpack-4.2.5/lib/action_dispatch/middleware/templates/rescues/_trace.html.erb (1.5ms)
  Rendered /Users/dville03/.rbenv/versions/2.3.4/lib/ruby/gems/2.3.0/gems/actionpack-4.2.5/lib/action_dispatch/middleware/templates/routes/_route.html.erb (1.4ms)
  Rendered /Users/dville03/.rbenv/versions/2.3.4/lib/ruby/gems/2.3.0/gems/actionpack-4.2.5/lib/action_dispatch/middleware/templates/routes/_table.html.erb (19.6ms)
  Rendered /Users/dville03/.rbenv/versions/2.3.4/lib/ruby/gems/2.3.0/gems/actionpack-4.2.5/lib/action_dispatch/middleware/templates/rescues/_request_and_response.html.erb (20.3ms)
  Rendered /Users/dville03/.rbenv/versions/2.3.4/lib/ruby/gems/2.3.0/gems/actionpack-4.2.5/lib/action_dispatch/middleware/templates/rescues/routing_error.html.erb within rescues/layout (170.3ms)
  Rendered /Users/dville03/.rbenv/versions/2.3.4/lib/ruby/gems/2.3.0/gems/web-console-2.2.1/lib/web_console/templates/_markup.html.erb (0.6ms)
  Rendered /Users/dville03/.rbenv/versions/2.3.4/lib/ruby/gems/2.3.0/gems/web-console-2.2.1/lib/web_console/templates/_inner_console_markup.html.erb within layouts/inlined_string (0.5ms)
  Rendered /Users/dville03/.rbenv/versions/2.3.4/lib/ruby/gems/2.3.0/gems/web-console-2.2.1/lib/web_console/templates/_prompt_box_markup.html.erb within layouts/inlined_string (0.4ms)
  Rendered /Users/dville03/.rbenv/versions/2.3.4/lib/ruby/gems/2.3.0/gems/web-console-2.2.1/lib/web_console/templates/style.css.erb within layouts/inlined_string (0.5ms)
  Rendered /Users/dville03/.rbenv/versions/2.3.4/lib/ruby/gems/2.3.0/gems/web-console-2.2.1/lib/web_console/templates/console.js.erb within layouts/javascript (163.4ms)
  Rendered /Users/dville03/.rbenv/versions/2.3.4/lib/ruby/gems/2.3.0/gems/web-console-2.2.1/lib/web_console/templates/main.js.erb within layouts/javascript (0.4ms)
  Rendered /Users/dville03/.rbenv/versions/2.3.4/lib/ruby/gems/2.3.0/gems/web-console-2.2.1/lib/web_console/templates/error_page.js.erb within layouts/javascript (0.9ms)
  Rendered /Users/dville03/.rbenv/versions/2.3.4/lib/ruby/gems/2.3.0/gems/web-console-2.2.1/lib/web_console/templates/index.html.erb (414.1ms)


Started GET "/authors/1" for ::1 at 2017-07-14 15:24:18 -0400

ActionController::RoutingError (No route matches [GET] "/authors/1"):
  actionpack (4.2.5) lib/action_dispatch/middleware/debug_exceptions.rb:21:in `call'
  web-console (2.2.1) lib/web_console/middleware.rb:39:in `call'
  actionpack (4.2.5) lib/action_dispatch/middleware/show_exceptions.rb:30:in `call'
  railties (4.2.5) lib/rails/rack/logger.rb:38:in `call_app'
  railties (4.2.5) lib/rails/rack/logger.rb:20:in `block in call'
  activesupport (4.2.5) lib/active_support/tagged_logging.rb:68:in `block in tagged'
  activesupport (4.2.5) lib/active_support/tagged_logging.rb:26:in `tagged'
  activesupport (4.2.5) lib/active_support/tagged_logging.rb:68:in `tagged'
  railties (4.2.5) lib/rails/rack/logger.rb:20:in `call'
  actionpack (4.2.5) lib/action_dispatch/middleware/request_id.rb:21:in `call'
  rack (1.6.4) lib/rack/methodoverride.rb:22:in `call'
  rack (1.6.4) lib/rack/runtime.rb:18:in `call'
  activesupport (4.2.5) lib/active_support/cache/strategy/local_cache_middleware.rb:28:in `call'
  rack (1.6.4) lib/rack/lock.rb:17:in `call'
  actionpack (4.2.5) lib/action_dispatch/middleware/static.rb:116:in `call'
  rack (1.6.4) lib/rack/sendfile.rb:113:in `call'
  railties (4.2.5) lib/rails/engine.rb:518:in `call'
  railties (4.2.5) lib/rails/application.rb:165:in `call'
  rack (1.6.4) lib/rack/lock.rb:17:in `call'
  rack (1.6.4) lib/rack/content_length.rb:15:in `call'
  rack (1.6.4) lib/rack/handler/webrick.rb:88:in `service'
  /Users/dville03/.rbenv/versions/2.3.4/lib/ruby/2.3.0/webrick/httpserver.rb:140:in `service'
  /Users/dville03/.rbenv/versions/2.3.4/lib/ruby/2.3.0/webrick/httpserver.rb:96:in `run'
  /Users/dville03/.rbenv/versions/2.3.4/lib/ruby/2.3.0/webrick/server.rb:296:in `block in start_thread'


  Rendered /Users/dville03/.rbenv/versions/2.3.4/lib/ruby/gems/2.3.0/gems/actionpack-4.2.5/lib/action_dispatch/middleware/templates/rescues/_trace.html.erb (1.8ms)
  Rendered /Users/dville03/.rbenv/versions/2.3.4/lib/ruby/gems/2.3.0/gems/actionpack-4.2.5/lib/action_dispatch/middleware/templates/routes/_route.html.erb (1.4ms)
  Rendered /Users/dville03/.rbenv/versions/2.3.4/lib/ruby/gems/2.3.0/gems/actionpack-4.2.5/lib/action_dispatch/middleware/templates/routes/_table.html.erb (1.9ms)
  Rendered /Users/dville03/.rbenv/versions/2.3.4/lib/ruby/gems/2.3.0/gems/actionpack-4.2.5/lib/action_dispatch/middleware/templates/rescues/_request_and_response.html.erb (1.8ms)
  Rendered /Users/dville03/.rbenv/versions/2.3.4/lib/ruby/gems/2.3.0/gems/actionpack-4.2.5/lib/action_dispatch/middleware/templates/rescues/routing_error.html.erb within rescues/layout (107.2ms)
  Rendered /Users/dville03/.rbenv/versions/2.3.4/lib/ruby/gems/2.3.0/gems/web-console-2.2.1/lib/web_console/templates/_markup.html.erb (0.6ms)
  Rendered /Users/dville03/.rbenv/versions/2.3.4/lib/ruby/gems/2.3.0/gems/web-console-2.2.1/lib/web_console/templates/_inner_console_markup.html.erb within layouts/inlined_string (0.7ms)
  Rendered /Users/dville03/.rbenv/versions/2.3.4/lib/ruby/gems/2.3.0/gems/web-console-2.2.1/lib/web_console/templates/_prompt_box_markup.html.erb within layouts/inlined_string (0.5ms)
  Rendered /Users/dville03/.rbenv/versions/2.3.4/lib/ruby/gems/2.3.0/gems/web-console-2.2.1/lib/web_console/templates/style.css.erb within layouts/inlined_string (0.5ms)
  Rendered /Users/dville03/.rbenv/versions/2.3.4/lib/ruby/gems/2.3.0/gems/web-console-2.2.1/lib/web_console/templates/console.js.erb within layouts/javascript (106.4ms)
  Rendered /Users/dville03/.rbenv/versions/2.3.4/lib/ruby/gems/2.3.0/gems/web-console-2.2.1/lib/web_console/templates/main.js.erb within layouts/javascript (0.6ms)
  Rendered /Users/dville03/.rbenv/versions/2.3.4/lib/ruby/gems/2.3.0/gems/web-console-2.2.1/lib/web_console/templates/error_page.js.erb within layouts/javascript (0.5ms)
  Rendered /Users/dville03/.rbenv/versions/2.3.4/lib/ruby/gems/2.3.0/gems/web-console-2.2.1/lib/web_console/templates/index.html.erb (219.0ms)


Started GET "/authors/show" for ::1 at 2017-07-14 15:26:18 -0400
  [1m[36mActiveRecord::SchemaMigration Load (0.2ms)[0m  [1mSELECT "schema_migrations".* FROM "schema_migrations"[0m
Processing by AuthorsController#show as HTML
  [1m[35mAuthor Load (0.3ms)[0m  SELECT  "authors".* FROM "authors" WHERE "authors"."id" = ? LIMIT 1  [["id", nil]]
Completed 404 Not Found in 55ms (ActiveRecord: 0.8ms)

ActiveRecord::RecordNotFound (Couldn't find Author with 'id'=):
  app/controllers/authors_controller.rb:3:in `show'


  Rendered /Users/dville03/.rbenv/versions/2.3.4/lib/ruby/gems/2.3.0/gems/actionpack-4.2.5/lib/action_dispatch/middleware/templates/rescues/_source.erb (5.6ms)
  Rendered /Users/dville03/.rbenv/versions/2.3.4/lib/ruby/gems/2.3.0/gems/actionpack-4.2.5/lib/action_dispatch/middleware/templates/rescues/_trace.html.erb (2.4ms)
  Rendered /Users/dville03/.rbenv/versions/2.3.4/lib/ruby/gems/2.3.0/gems/actionpack-4.2.5/lib/action_dispatch/middleware/templates/rescues/_request_and_response.html.erb (1.1ms)
  Rendered /Users/dville03/.rbenv/versions/2.3.4/lib/ruby/gems/2.3.0/gems/actionpack-4.2.5/lib/action_dispatch/middleware/templates/rescues/diagnostics.html.erb within rescues/layout (104.9ms)
  Rendered /Users/dville03/.rbenv/versions/2.3.4/lib/ruby/gems/2.3.0/gems/web-console-2.2.1/lib/web_console/templates/_markup.html.erb (0.5ms)
  Rendered /Users/dville03/.rbenv/versions/2.3.4/lib/ruby/gems/2.3.0/gems/web-console-2.2.1/lib/web_console/templates/_inner_console_markup.html.erb within layouts/inlined_string (0.4ms)
  Rendered /Users/dville03/.rbenv/versions/2.3.4/lib/ruby/gems/2.3.0/gems/web-console-2.2.1/lib/web_console/templates/_prompt_box_markup.html.erb within layouts/inlined_string (0.4ms)
  Rendered /Users/dville03/.rbenv/versions/2.3.4/lib/ruby/gems/2.3.0/gems/web-console-2.2.1/lib/web_console/templates/style.css.erb within layouts/inlined_string (0.4ms)
  Rendered /Users/dville03/.rbenv/versions/2.3.4/lib/ruby/gems/2.3.0/gems/web-console-2.2.1/lib/web_console/templates/console.js.erb within layouts/javascript (117.0ms)
  Rendered /Users/dville03/.rbenv/versions/2.3.4/lib/ruby/gems/2.3.0/gems/web-console-2.2.1/lib/web_console/templates/main.js.erb within layouts/javascript (1.0ms)
  Rendered /Users/dville03/.rbenv/versions/2.3.4/lib/ruby/gems/2.3.0/gems/web-console-2.2.1/lib/web_console/templates/error_page.js.erb within layouts/javascript (0.6ms)
  Rendered /Users/dville03/.rbenv/versions/2.3.4/lib/ruby/gems/2.3.0/gems/web-console-2.2.1/lib/web_console/templates/index.html.erb (252.9ms)


Started GET "/authors/show/1" for ::1 at 2017-07-14 15:39:01 -0400

ActionController::RoutingError (No route matches [GET] "/authors/show/1"):
  actionpack (4.2.5) lib/action_dispatch/middleware/debug_exceptions.rb:21:in `call'
  web-console (2.2.1) lib/web_console/middleware.rb:39:in `call'
  actionpack (4.2.5) lib/action_dispatch/middleware/show_exceptions.rb:30:in `call'
  railties (4.2.5) lib/rails/rack/logger.rb:38:in `call_app'
  railties (4.2.5) lib/rails/rack/logger.rb:20:in `block in call'
  activesupport (4.2.5) lib/active_support/tagged_logging.rb:68:in `block in tagged'
  activesupport (4.2.5) lib/active_support/tagged_logging.rb:26:in `tagged'
  activesupport (4.2.5) lib/active_support/tagged_logging.rb:68:in `tagged'
  railties (4.2.5) lib/rails/rack/logger.rb:20:in `call'
  actionpack (4.2.5) lib/action_dispatch/middleware/request_id.rb:21:in `call'
  rack (1.6.4) lib/rack/methodoverride.rb:22:in `call'
  rack (1.6.4) lib/rack/runtime.rb:18:in `call'
  activesupport (4.2.5) lib/active_support/cache/strategy/local_cache_middleware.rb:28:in `call'
  rack (1.6.4) lib/rack/lock.rb:17:in `call'
  actionpack (4.2.5) lib/action_dispatch/middleware/static.rb:116:in `call'
  rack (1.6.4) lib/rack/sendfile.rb:113:in `call'
  railties (4.2.5) lib/rails/engine.rb:518:in `call'
  railties (4.2.5) lib/rails/application.rb:165:in `call'
  rack (1.6.4) lib/rack/lock.rb:17:in `call'
  rack (1.6.4) lib/rack/content_length.rb:15:in `call'
  rack (1.6.4) lib/rack/handler/webrick.rb:88:in `service'
  /Users/dville03/.rbenv/versions/2.3.4/lib/ruby/2.3.0/webrick/httpserver.rb:140:in `service'
  /Users/dville03/.rbenv/versions/2.3.4/lib/ruby/2.3.0/webrick/httpserver.rb:96:in `run'
  /Users/dville03/.rbenv/versions/2.3.4/lib/ruby/2.3.0/webrick/server.rb:296:in `block in start_thread'


  Rendered /Users/dville03/.rbenv/versions/2.3.4/lib/ruby/gems/2.3.0/gems/actionpack-4.2.5/lib/action_dispatch/middleware/templates/rescues/_trace.html.erb (4.9ms)
  Rendered /Users/dville03/.rbenv/versions/2.3.4/lib/ruby/gems/2.3.0/gems/actionpack-4.2.5/lib/action_dispatch/middleware/templates/routes/_route.html.erb (2.4ms)
  Rendered /Users/dville03/.rbenv/versions/2.3.4/lib/ruby/gems/2.3.0/gems/actionpack-4.2.5/lib/action_dispatch/middleware/templates/routes/_table.html.erb (74.5ms)
  Rendered /Users/dville03/.rbenv/versions/2.3.4/lib/ruby/gems/2.3.0/gems/actionpack-4.2.5/lib/action_dispatch/middleware/templates/rescues/_request_and_response.html.erb (5.4ms)
  Rendered /Users/dville03/.rbenv/versions/2.3.4/lib/ruby/gems/2.3.0/gems/actionpack-4.2.5/lib/action_dispatch/middleware/templates/rescues/routing_error.html.erb within rescues/layout (224.8ms)
  Rendered /Users/dville03/.rbenv/versions/2.3.4/lib/ruby/gems/2.3.0/gems/web-console-2.2.1/lib/web_console/templates/_markup.html.erb (1.0ms)
  Rendered /Users/dville03/.rbenv/versions/2.3.4/lib/ruby/gems/2.3.0/gems/web-console-2.2.1/lib/web_console/templates/_inner_console_markup.html.erb within layouts/inlined_string (0.7ms)
  Rendered /Users/dville03/.rbenv/versions/2.3.4/lib/ruby/gems/2.3.0/gems/web-console-2.2.1/lib/web_console/templates/_prompt_box_markup.html.erb within layouts/inlined_string (0.5ms)
  Rendered /Users/dville03/.rbenv/versions/2.3.4/lib/ruby/gems/2.3.0/gems/web-console-2.2.1/lib/web_console/templates/style.css.erb within layouts/inlined_string (0.5ms)
  Rendered /Users/dville03/.rbenv/versions/2.3.4/lib/ruby/gems/2.3.0/gems/web-console-2.2.1/lib/web_console/templates/console.js.erb within layouts/javascript (119.8ms)
  Rendered /Users/dville03/.rbenv/versions/2.3.4/lib/ruby/gems/2.3.0/gems/web-console-2.2.1/lib/web_console/templates/main.js.erb within layouts/javascript (0.7ms)
  Rendered /Users/dville03/.rbenv/versions/2.3.4/lib/ruby/gems/2.3.0/gems/web-console-2.2.1/lib/web_console/templates/error_page.js.erb within layouts/javascript (0.6ms)
  Rendered /Users/dville03/.rbenv/versions/2.3.4/lib/ruby/gems/2.3.0/gems/web-console-2.2.1/lib/web_console/templates/index.html.erb (236.9ms)


Started GET "/authors/1" for ::1 at 2017-07-14 15:39:08 -0400

ActionController::RoutingError (No route matches [GET] "/authors/1"):
  actionpack (4.2.5) lib/action_dispatch/middleware/debug_exceptions.rb:21:in `call'
  web-console (2.2.1) lib/web_console/middleware.rb:39:in `call'
  actionpack (4.2.5) lib/action_dispatch/middleware/show_exceptions.rb:30:in `call'
  railties (4.2.5) lib/rails/rack/logger.rb:38:in `call_app'
  railties (4.2.5) lib/rails/rack/logger.rb:20:in `block in call'
  activesupport (4.2.5) lib/active_support/tagged_logging.rb:68:in `block in tagged'
  activesupport (4.2.5) lib/active_support/tagged_logging.rb:26:in `tagged'
  activesupport (4.2.5) lib/active_support/tagged_logging.rb:68:in `tagged'
  railties (4.2.5) lib/rails/rack/logger.rb:20:in `call'
  actionpack (4.2.5) lib/action_dispatch/middleware/request_id.rb:21:in `call'
  rack (1.6.4) lib/rack/methodoverride.rb:22:in `call'
  rack (1.6.4) lib/rack/runtime.rb:18:in `call'
  activesupport (4.2.5) lib/active_support/cache/strategy/local_cache_middleware.rb:28:in `call'
  rack (1.6.4) lib/rack/lock.rb:17:in `call'
  actionpack (4.2.5) lib/action_dispatch/middleware/static.rb:116:in `call'
  rack (1.6.4) lib/rack/sendfile.rb:113:in `call'
  railties (4.2.5) lib/rails/engine.rb:518:in `call'
  railties (4.2.5) lib/rails/application.rb:165:in `call'
  rack (1.6.4) lib/rack/lock.rb:17:in `call'
  rack (1.6.4) lib/rack/content_length.rb:15:in `call'
  rack (1.6.4) lib/rack/handler/webrick.rb:88:in `service'
  /Users/dville03/.rbenv/versions/2.3.4/lib/ruby/2.3.0/webrick/httpserver.rb:140:in `service'
  /Users/dville03/.rbenv/versions/2.3.4/lib/ruby/2.3.0/webrick/httpserver.rb:96:in `run'
  /Users/dville03/.rbenv/versions/2.3.4/lib/ruby/2.3.0/webrick/server.rb:296:in `block in start_thread'


  Rendered /Users/dville03/.rbenv/versions/2.3.4/lib/ruby/gems/2.3.0/gems/actionpack-4.2.5/lib/action_dispatch/middleware/templates/rescues/_trace.html.erb (1.9ms)
  Rendered /Users/dville03/.rbenv/versions/2.3.4/lib/ruby/gems/2.3.0/gems/actionpack-4.2.5/lib/action_dispatch/middleware/templates/routes/_route.html.erb (1.6ms)
  Rendered /Users/dville03/.rbenv/versions/2.3.4/lib/ruby/gems/2.3.0/gems/actionpack-4.2.5/lib/action_dispatch/middleware/templates/routes/_table.html.erb (2.0ms)
  Rendered /Users/dville03/.rbenv/versions/2.3.4/lib/ruby/gems/2.3.0/gems/actionpack-4.2.5/lib/action_dispatch/middleware/templates/rescues/_request_and_response.html.erb (2.2ms)
  Rendered /Users/dville03/.rbenv/versions/2.3.4/lib/ruby/gems/2.3.0/gems/actionpack-4.2.5/lib/action_dispatch/middleware/templates/rescues/routing_error.html.erb within rescues/layout (112.5ms)
  Rendered /Users/dville03/.rbenv/versions/2.3.4/lib/ruby/gems/2.3.0/gems/web-console-2.2.1/lib/web_console/templates/_markup.html.erb (0.7ms)
  Rendered /Users/dville03/.rbenv/versions/2.3.4/lib/ruby/gems/2.3.0/gems/web-console-2.2.1/lib/web_console/templates/_inner_console_markup.html.erb within layouts/inlined_string (0.6ms)
  Rendered /Users/dville03/.rbenv/versions/2.3.4/lib/ruby/gems/2.3.0/gems/web-console-2.2.1/lib/web_console/templates/_prompt_box_markup.html.erb within layouts/inlined_string (0.5ms)
  Rendered /Users/dville03/.rbenv/versions/2.3.4/lib/ruby/gems/2.3.0/gems/web-console-2.2.1/lib/web_console/templates/style.css.erb within layouts/inlined_string (0.5ms)
  Rendered /Users/dville03/.rbenv/versions/2.3.4/lib/ruby/gems/2.3.0/gems/web-console-2.2.1/lib/web_console/templates/console.js.erb within layouts/javascript (78.0ms)
  Rendered /Users/dville03/.rbenv/versions/2.3.4/lib/ruby/gems/2.3.0/gems/web-console-2.2.1/lib/web_console/templates/main.js.erb within layouts/javascript (0.6ms)
  Rendered /Users/dville03/.rbenv/versions/2.3.4/lib/ruby/gems/2.3.0/gems/web-console-2.2.1/lib/web_console/templates/error_page.js.erb within layouts/javascript (0.7ms)
  Rendered /Users/dville03/.rbenv/versions/2.3.4/lib/ruby/gems/2.3.0/gems/web-console-2.2.1/lib/web_console/templates/index.html.erb (172.3ms)


Started GET "/authors/1" for ::1 at 2017-07-14 15:39:39 -0400
  [1m[36mActiveRecord::SchemaMigration Load (0.1ms)[0m  [1mSELECT "schema_migrations".* FROM "schema_migrations"[0m

ActionController::RoutingError (No route matches [GET] "/authors/1"):
  actionpack (4.2.5) lib/action_dispatch/middleware/debug_exceptions.rb:21:in `call'
  web-console (2.2.1) lib/web_console/middleware.rb:39:in `call'
  actionpack (4.2.5) lib/action_dispatch/middleware/show_exceptions.rb:30:in `call'
  railties (4.2.5) lib/rails/rack/logger.rb:38:in `call_app'
  railties (4.2.5) lib/rails/rack/logger.rb:20:in `block in call'
  activesupport (4.2.5) lib/active_support/tagged_logging.rb:68:in `block in tagged'
  activesupport (4.2.5) lib/active_support/tagged_logging.rb:26:in `tagged'
  activesupport (4.2.5) lib/active_support/tagged_logging.rb:68:in `tagged'
  railties (4.2.5) lib/rails/rack/logger.rb:20:in `call'
  actionpack (4.2.5) lib/action_dispatch/middleware/request_id.rb:21:in `call'
  rack (1.6.4) lib/rack/methodoverride.rb:22:in `call'
  rack (1.6.4) lib/rack/runtime.rb:18:in `call'
  activesupport (4.2.5) lib/active_support/cache/strategy/local_cache_middleware.rb:28:in `call'
  rack (1.6.4) lib/rack/lock.rb:17:in `call'
  actionpack (4.2.5) lib/action_dispatch/middleware/static.rb:116:in `call'
  rack (1.6.4) lib/rack/sendfile.rb:113:in `call'
  railties (4.2.5) lib/rails/engine.rb:518:in `call'
  railties (4.2.5) lib/rails/application.rb:165:in `call'
  rack (1.6.4) lib/rack/lock.rb:17:in `call'
  rack (1.6.4) lib/rack/content_length.rb:15:in `call'
  rack (1.6.4) lib/rack/handler/webrick.rb:88:in `service'
  /Users/dville03/.rbenv/versions/2.3.4/lib/ruby/2.3.0/webrick/httpserver.rb:140:in `service'
  /Users/dville03/.rbenv/versions/2.3.4/lib/ruby/2.3.0/webrick/httpserver.rb:96:in `run'
  /Users/dville03/.rbenv/versions/2.3.4/lib/ruby/2.3.0/webrick/server.rb:296:in `block in start_thread'


  Rendered /Users/dville03/.rbenv/versions/2.3.4/lib/ruby/gems/2.3.0/gems/actionpack-4.2.5/lib/action_dispatch/middleware/templates/rescues/_trace.html.erb (1.8ms)
  Rendered /Users/dville03/.rbenv/versions/2.3.4/lib/ruby/gems/2.3.0/gems/actionpack-4.2.5/lib/action_dispatch/middleware/templates/routes/_route.html.erb (1.2ms)
  Rendered /Users/dville03/.rbenv/versions/2.3.4/lib/ruby/gems/2.3.0/gems/actionpack-4.2.5/lib/action_dispatch/middleware/templates/routes/_table.html.erb (25.8ms)
  Rendered /Users/dville03/.rbenv/versions/2.3.4/lib/ruby/gems/2.3.0/gems/actionpack-4.2.5/lib/action_dispatch/middleware/templates/rescues/_request_and_response.html.erb (26.4ms)
  Rendered /Users/dville03/.rbenv/versions/2.3.4/lib/ruby/gems/2.3.0/gems/actionpack-4.2.5/lib/action_dispatch/middleware/templates/rescues/routing_error.html.erb within rescues/layout (178.8ms)
  Rendered /Users/dville03/.rbenv/versions/2.3.4/lib/ruby/gems/2.3.0/gems/web-console-2.2.1/lib/web_console/templates/_markup.html.erb (0.5ms)
  Rendered /Users/dville03/.rbenv/versions/2.3.4/lib/ruby/gems/2.3.0/gems/web-console-2.2.1/lib/web_console/templates/_inner_console_markup.html.erb within layouts/inlined_string (0.4ms)
  Rendered /Users/dville03/.rbenv/versions/2.3.4/lib/ruby/gems/2.3.0/gems/web-console-2.2.1/lib/web_console/templates/_prompt_box_markup.html.erb within layouts/inlined_string (0.4ms)
  Rendered /Users/dville03/.rbenv/versions/2.3.4/lib/ruby/gems/2.3.0/gems/web-console-2.2.1/lib/web_console/templates/style.css.erb within layouts/inlined_string (0.5ms)
  Rendered /Users/dville03/.rbenv/versions/2.3.4/lib/ruby/gems/2.3.0/gems/web-console-2.2.1/lib/web_console/templates/console.js.erb within layouts/javascript (125.1ms)
  Rendered /Users/dville03/.rbenv/versions/2.3.4/lib/ruby/gems/2.3.0/gems/web-console-2.2.1/lib/web_console/templates/main.js.erb within layouts/javascript (0.4ms)
  Rendered /Users/dville03/.rbenv/versions/2.3.4/lib/ruby/gems/2.3.0/gems/web-console-2.2.1/lib/web_console/templates/error_page.js.erb within layouts/javascript (0.5ms)
  Rendered /Users/dville03/.rbenv/versions/2.3.4/lib/ruby/gems/2.3.0/gems/web-console-2.2.1/lib/web_console/templates/index.html.erb (286.9ms)


Started GET "/authors/show" for ::1 at 2017-07-14 15:39:46 -0400
Processing by AuthorsController#show as HTML
  [1m[35mAuthor Load (0.3ms)[0m  SELECT  "authors".* FROM "authors" WHERE "authors"."id" = ? LIMIT 1  [["id", nil]]
Completed 404 Not Found in 80ms (ActiveRecord: 0.7ms)

ActiveRecord::RecordNotFound (Couldn't find Author with 'id'=):
  app/controllers/authors_controller.rb:3:in `show'


  Rendered /Users/dville03/.rbenv/versions/2.3.4/lib/ruby/gems/2.3.0/gems/actionpack-4.2.5/lib/action_dispatch/middleware/templates/rescues/_source.erb (5.7ms)
  Rendered /Users/dville03/.rbenv/versions/2.3.4/lib/ruby/gems/2.3.0/gems/actionpack-4.2.5/lib/action_dispatch/middleware/templates/rescues/_trace.html.erb (2.9ms)
  Rendered /Users/dville03/.rbenv/versions/2.3.4/lib/ruby/gems/2.3.0/gems/actionpack-4.2.5/lib/action_dispatch/middleware/templates/rescues/_request_and_response.html.erb (1.2ms)
  Rendered /Users/dville03/.rbenv/versions/2.3.4/lib/ruby/gems/2.3.0/gems/actionpack-4.2.5/lib/action_dispatch/middleware/templates/rescues/diagnostics.html.erb within rescues/layout (86.2ms)
  Rendered /Users/dville03/.rbenv/versions/2.3.4/lib/ruby/gems/2.3.0/gems/web-console-2.2.1/lib/web_console/templates/_markup.html.erb (0.5ms)
  Rendered /Users/dville03/.rbenv/versions/2.3.4/lib/ruby/gems/2.3.0/gems/web-console-2.2.1/lib/web_console/templates/_inner_console_markup.html.erb within layouts/inlined_string (0.5ms)
  Rendered /Users/dville03/.rbenv/versions/2.3.4/lib/ruby/gems/2.3.0/gems/web-console-2.2.1/lib/web_console/templates/_prompt_box_markup.html.erb within layouts/inlined_string (0.4ms)
  Rendered /Users/dville03/.rbenv/versions/2.3.4/lib/ruby/gems/2.3.0/gems/web-console-2.2.1/lib/web_console/templates/style.css.erb within layouts/inlined_string (0.5ms)
  Rendered /Users/dville03/.rbenv/versions/2.3.4/lib/ruby/gems/2.3.0/gems/web-console-2.2.1/lib/web_console/templates/console.js.erb within layouts/javascript (77.1ms)
  Rendered /Users/dville03/.rbenv/versions/2.3.4/lib/ruby/gems/2.3.0/gems/web-console-2.2.1/lib/web_console/templates/main.js.erb within layouts/javascript (0.5ms)
  Rendered /Users/dville03/.rbenv/versions/2.3.4/lib/ruby/gems/2.3.0/gems/web-console-2.2.1/lib/web_console/templates/error_page.js.erb within layouts/javascript (0.5ms)
  Rendered /Users/dville03/.rbenv/versions/2.3.4/lib/ruby/gems/2.3.0/gems/web-console-2.2.1/lib/web_console/templates/index.html.erb (168.4ms)
  [1m[36mAuthor Load (0.6ms)[0m  [1mSELECT  "authors".* FROM "authors" WHERE "authors"."id" = ? LIMIT 1[0m  [["id", 1]]


Started GET "/authors/1" for ::1 at 2017-07-14 15:41:38 -0400
  [1m[36mActiveRecord::SchemaMigration Load (0.1ms)[0m  [1mSELECT "schema_migrations".* FROM "schema_migrations"[0m
Processing by AuthorsController#show as HTML
  Parameters: {"id"=>"1"}
  [1m[35mAuthor Load (0.4ms)[0m  SELECT  "authors".* FROM "authors" WHERE "authors"."id" = ? LIMIT 1  [["id", 1]]
  [1m[36mPost Load (0.2ms)[0m  [1mSELECT "posts".* FROM "posts" WHERE "posts"."author_id" = ?[0m  [["author_id", 1]]
  Rendered authors/show.html.erb within layouts/application (38.8ms)
Completed 200 OK in 480ms (Views: 420.1ms | ActiveRecord: 1.5ms)


Started GET "/authors/1" for ::1 at 2017-07-14 17:07:20 -0400
  [1m[36mActiveRecord::SchemaMigration Load (0.1ms)[0m  [1mSELECT "schema_migrations".* FROM "schema_migrations"[0m
Processing by AuthorsController#show as HTML
  Parameters: {"id"=>"1"}
  [1m[35mAuthor Load (0.3ms)[0m  SELECT  "authors".* FROM "authors" WHERE "authors"."id" = ? LIMIT 1  [["id", 1]]
  [1m[36mPost Load (0.2ms)[0m  [1mSELECT "posts".* FROM "posts" WHERE "posts"."author_id" = ?[0m  [["author_id", 1]]
  Rendered authors/show.html.erb within layouts/application (51.5ms)
Completed 200 OK in 652ms (Views: 594.5ms | ActiveRecord: 1.4ms)


Started GET "/posts/1" for ::1 at 2017-07-14 17:07:55 -0400
Processing by PostsController#show as HTML
  Parameters: {"id"=>"1"}
  [1m[35mPost Load (0.4ms)[0m  SELECT  "posts".* FROM "posts" WHERE "posts"."id" = ? LIMIT 1  [["id", 1]]
  Rendered posts/show.html.erb within layouts/application (1.1ms)
Completed 200 OK in 37ms (Views: 34.7ms | ActiveRecord: 0.4ms)
